{"name": "test_job_link_content[trencadis]", "status": "failed", "statusDetails": {"message": "AssertionError: The following job links ['https://www.trencadis.ro/jobs/Trencadis-Full-Time%20Java%20Developer.pdf', 'https://www.trencadis.ro/jobs/Junior-Mid%20Java%20Developer.pdf', 'https://www.trencadis.ro/jobs/Mid-level%20Business%20Analyst%202022.pdf', 'https://www.trencadis.ro/jobs/QA%20Specialist.pdf', 'https://www.trencadis.ro/jobs/Support%20Specialist%20LV2-2022.pdf', 'https://www.trencadis.ro/jobs/Technical%20Support%20Specialist%20LV1.pdf'] do not contain the expected job title: ['Full-Time Java Developer', 'Junior-Mid Java Developer', 'Mid-level Business Analyst', 'QA Specialist', 'Support Specialist LV2', 'Technical Support Specialist LV1.pdf']", "trace": "self = <TestJobsValidator.test_api.TestScrapers object at 0x7fa524fa3eb0>\nsetup = (['Full-Time Java Developer', 'Junior-Mid Java Developer', 'Mid-level Business Analyst', 'QA Specialist', 'Support Spe...e', 'remote'], ['Romania', 'Romania', 'Romania', 'Romania', 'Romania', 'Romania'], [['Bucuresti'], [], [], [], [], []])\n\n    @pytest.mark.smoke\n    def test_job_link_content(self, setup):\n        \"\"\"\n        Test job links for the job title presence in the html response output\n        \"\"\"\n    \n        peviitor_jobs_data = setup\n        job_links = peviitor_jobs_data[2]\n        job_titles = peviitor_jobs_data[0]\n>       TestScrapers.setup_tests.jobdetails.check_job_link_content(job_links, job_titles)\n\ntests/TestJobsValidator/test_api.py:52: \n_ _ _ _ _ _ _ _ _ _ _ _ _ _ _ _ _ _ _ _ _ _ _ _ _ _ _ _ _ _ _ _ _ _ _ _ _ _ _ _ \ntests/TestJobsValidator/api_utils/job_details_utils.py:132: in check_job_link_content\n    self.linkutils.check_job_link_content(self, links, job_titles)\n_ _ _ _ _ _ _ _ _ _ _ _ _ _ _ _ _ _ _ _ _ _ _ _ _ _ _ _ _ _ _ _ _ _ _ _ _ _ _ _ \n\nself = <tests.TestJobsValidator.api_utils.job_links_utils.LinksTestUtils object at 0x7fa524f0c190>\nmainobj = <tests.TestJobsValidator.api_utils.job_details_utils.JobDetails object at 0x7fa525f9d180>\nlinks = ['https://www.trencadis.ro/jobs/Trencadis-Full-Time%20Java%20Developer.pdf', 'https://www.trencadis.ro/jobs/Junior-Mid.../jobs/Support%20Specialist%20LV2-2022.pdf', 'https://www.trencadis.ro/jobs/Technical%20Support%20Specialist%20LV1.pdf']\njob_titles = ['Full-Time Java Developer', 'Junior-Mid Java Developer', 'Mid-level Business Analyst', 'QA Specialist', 'Support Specialist LV2', 'Technical Support Specialist LV1.pdf']\n\n    def check_job_link_content(self, mainobj, links, job_titles):\n        missing_job_links = []\n        missing_job_titles = []\n        for link, job_title in zip(links, job_titles):\n            job_content = LinksTestUtils().get_html_content(link)\n    \n            # Section where the content is not loaded after the request\n            if job_content is None:\n                missing_job_links.append(link)\n                missing_job_titles.append(job_title)\n                print(\"Job Page content has not been loaded\")\n                for job_link_index, job_link in enumerate(mainobj.filtered_job_links):\n                    if job_link == link:\n                        mainobj.filtered_job_links[job_link_index] = 'REMOVED_JOB'\n                continue\n    \n            # Section that run in case the job page content is loaded\n            soup = BeautifulSoup(job_content, 'html.parser')\n            job_content = soup.get_text()\n            if job_title not in job_content:\n                missing_job_links.append(link)\n                missing_job_titles.append(job_title)\n                for job_link_index, job_link in enumerate(mainobj.filtered_job_links):\n                    if job_link == link:\n                        mainobj.filtered_job_links[job_link_index] = 'REMOVED_JOB'\n    \n>       assert missing_job_links == [], f\"The following job links {missing_job_links} do not contain the expected job title: {missing_job_titles}\"\nE       AssertionError: The following job links ['https://www.trencadis.ro/jobs/Trencadis-Full-Time%20Java%20Developer.pdf', 'https://www.trencadis.ro/jobs/Junior-Mid%20Java%20Developer.pdf', 'https://www.trencadis.ro/jobs/Mid-level%20Business%20Analyst%202022.pdf', 'https://www.trencadis.ro/jobs/QA%20Specialist.pdf', 'https://www.trencadis.ro/jobs/Support%20Specialist%20LV2-2022.pdf', 'https://www.trencadis.ro/jobs/Technical%20Support%20Specialist%20LV1.pdf'] do not contain the expected job title: ['Full-Time Java Developer', 'Junior-Mid Java Developer', 'Mid-level Business Analyst', 'QA Specialist', 'Support Specialist LV2', 'Technical Support Specialist LV1.pdf']\n\ntests/TestJobsValidator/api_utils/job_links_utils.py:59: AssertionError"}, "description": "\n        Test job links for the job title presence in the html response output\n        ", "parameters": [{"name": "scraper_class", "value": "'trencadis'"}], "start": 1732513105145, "stop": 1732513111081, "uuid": "20830a05-ef5a-4b9f-a6a1-685a4eb31f23", "historyId": "27fdbaa6a13d13890b850fbe77db61f9", "testCaseId": "3a863062a3835cf6b2ad4e16e5390871", "fullName": "tests.TestJobsValidator.test_api.TestScrapers#test_job_link_content", "labels": [{"name": "tag", "value": "smoke"}, {"name": "parentSuite", "value": "tests.TestJobsValidator"}, {"name": "suite", "value": "test_api"}, {"name": "subSuite", "value": "TestScrapers"}, {"name": "host", "value": "fv-az1425-114"}, {"name": "thread", "value": "1874-MainThread"}, {"name": "framework", "value": "pytest"}, {"name": "language", "value": "cpython3"}, {"name": "package", "value": "tests.TestJobsValidator.test_api"}]}